Using launch settings from MarketPlaceCore/src/MarketPlaceCore.Web/Properties/launchSettings.json...
Building...
info: Microsoft.EntityFrameworkCore.Database.Command[20101]
      Executed DbCommand (14ms) [Parameters=[], CommandType='Text', CommandTimeout='30']
      SELECT COUNT(*) FROM "sqlite_master" WHERE "type" = 'table' AND "rootpage" IS NOT NULL;
info: Microsoft.EntityFrameworkCore.Database.Command[20101]
      Executed DbCommand (1ms) [Parameters=[], CommandType='Text', CommandTimeout='30']
      SELECT EXISTS (
          SELECT 1
          FROM "Products" AS "p")
info: Microsoft.Hosting.Lifetime[14]
      Now listening on: http://localhost:5294
info: Microsoft.Hosting.Lifetime[0]
      Application started. Press Ctrl+C to shut down.
info: Microsoft.Hosting.Lifetime[0]
      Hosting environment: Development
info: Microsoft.Hosting.Lifetime[0]
      Content root path: /app/MarketPlaceCore/src/MarketPlaceCore.Web
info: Microsoft.EntityFrameworkCore.Database.Command[20101]
      Executed DbCommand (2ms) [Parameters=[], CommandType='Text', CommandTimeout='30']
      SELECT "c"."Id", "c"."CreatedAt", "c"."Name"
      FROM "Categories" AS "c"
info: Microsoft.EntityFrameworkCore.Database.Command[20101]
      Executed DbCommand (0ms) [Parameters=[], CommandType='Text', CommandTimeout='30']
      SELECT "c"."Id", "c"."CreatedAt", "c"."Name"
      FROM "Categories" AS "c"
info: Microsoft.EntityFrameworkCore.Database.Command[20101]
      Executed DbCommand (0ms) [Parameters=[], CommandType='Text', CommandTimeout='30']
      SELECT "p"."Id", "p"."CategoryId", "p"."CreatedAt", "p"."Description", "p"."ImageUrl", "p"."Name"
      FROM "Products" AS "p"
info: Microsoft.EntityFrameworkCore.Database.Command[20101]
      Executed DbCommand (4ms) [Parameters=[@__p_Id_0='?' (DbType = Int32)], CommandType='Text', CommandTimeout='30']
      SELECT "p"."Id", "p"."Color", "p"."CreatedAt", "p"."Price", "p"."ProductId", "p"."Size", "p"."Stock", "p"."Warranty"
      FROM "ProductVariants" AS "p"
      WHERE "p"."ProductId" = @__p_Id_0
info: Microsoft.EntityFrameworkCore.Database.Command[20101]
      Executed DbCommand (0ms) [Parameters=[@__p_0='?' (DbType = Int32)], CommandType='Text', CommandTimeout='30']
      SELECT "p"."Id", "p"."CategoryId", "p"."CreatedAt", "p"."Description", "p"."ImageUrl", "p"."Name"
      FROM "Products" AS "p"
      WHERE "p"."Id" = @__p_0
      LIMIT 1
info: Microsoft.EntityFrameworkCore.Database.Command[20101]
      Executed DbCommand (0ms) [Parameters=[@__id_0='?' (DbType = Int32)], CommandType='Text', CommandTimeout='30']
      SELECT "p"."Id", "p"."Color", "p"."CreatedAt", "p"."Price", "p"."ProductId", "p"."Size", "p"."Stock", "p"."Warranty"
      FROM "ProductVariants" AS "p"
      WHERE "p"."ProductId" = @__id_0
info: Microsoft.EntityFrameworkCore.Database.Command[20101]
      Executed DbCommand (0ms) [Parameters=[@__id_0='?' (DbType = Int32)], CommandType='Text', CommandTimeout='30']
      SELECT "r"."Id", "r"."Comment", "r"."CreatedAt", "r"."IsVerifiedPurchase", "r"."ProductId", "r"."Rating", "r"."UserId"
      FROM "Reviews" AS "r"
      WHERE "r"."ProductId" = @__id_0
info: Microsoft.EntityFrameworkCore.Database.Command[20101]
      Executed DbCommand (0ms) [Parameters=[@__r_UserId_0='?' (DbType = Int32)], CommandType='Text', CommandTimeout='30']
      SELECT "u"."Id", "u"."CreatedAt", "u"."Email", "u"."FullName", "u"."OtpCode", "u"."OtpExpiry", "u"."PasswordHash", "u"."PhoneNumber", "u"."Role", "u"."Username"
      FROM "Users" AS "u"
      WHERE "u"."Id" = @__r_UserId_0
info: Microsoft.EntityFrameworkCore.Database.Command[20101]
      Executed DbCommand (0ms) [Parameters=[], CommandType='Text', CommandTimeout='30']
      SELECT "p"."Id", "p"."CategoryId", "p"."CreatedAt", "p"."Description", "p"."ImageUrl", "p"."Name"
      FROM "Products" AS "p"
